<?xml version="1.0" encoding="UTF-8"?>
<testsuite xmlns:xsi="http://www.w3.org/2001/XMLSchema-instance" xsi:noNamespaceSchemaLocation="https://maven.apache.org/surefire/maven-surefire-plugin/xsd/surefire-test-report-3.0.xsd" version="3.0" name="org.sonar.samples.java.checks.SecurityAnnotationMandatoryRuleTest" time="0.062" tests="2" errors="0" skipped="0" failures="0">
  <properties>
    <property name="sun.desktop" value="gnome"/>
    <property name="awt.toolkit" value="sun.awt.X11.XToolkit"/>
    <property name="java.specification.version" value="11"/>
    <property name="sun.cpu.isalist" value=""/>
    <property name="sun.jnu.encoding" value="UTF-8"/>
    <property name="java.class.path" value="/home/novelty/Development/uvm-personal-data/java-custom-rules-example/target/test-classes:/home/novelty/Development/uvm-personal-data/java-custom-rules-example/target/classes:/home/novelty/.m2/repository/org/sonarsource/sonarqube/sonar-plugin-api/8.9.0.43852/sonar-plugin-api-8.9.0.43852.jar:/home/novelty/.m2/repository/org/sonarsource/java/sonar-java-plugin/7.11.0.29148/sonar-java-plugin-7.11.0.29148.jar:/home/novelty/.m2/repository/org/sonarsource/java/java-surefire/7.11.0.29148/java-surefire-7.11.0.29148.jar:/home/novelty/.m2/repository/com/fasterxml/staxmate/staxmate/2.4.0/staxmate-2.4.0.jar:/home/novelty/.m2/repository/org/codehaus/woodstox/stax2-api/4.2.1/stax2-api-4.2.1.jar:/home/novelty/.m2/repository/org/sonarsource/java/java-frontend/7.11.0.29148/java-frontend-7.11.0.29148.jar:/home/novelty/.m2/repository/org/sonarsource/java/jdt/7.11.0.29148/jdt-7.11.0.29148-shaded.jar:/home/novelty/.m2/repository/org/eclipse/jdt/org.eclipse.jdt.core/3.28.0/org.eclipse.jdt.core-3.28.0.jar:/home/novelty/.m2/repository/org/eclipse/platform/org.eclipse.core.resources/3.16.100/org.eclipse.core.resources-3.16.100.jar:/home/novelty/.m2/repository/org/eclipse/platform/org.eclipse.core.runtime/3.24.100/org.eclipse.core.runtime-3.24.100.jar:/home/novelty/.m2/repository/org/eclipse/platform/org.eclipse.osgi/3.17.200/org.eclipse.osgi-3.17.200.jar:/home/novelty/.m2/repository/org/eclipse/platform/org.eclipse.equinox.common/3.16.0/org.eclipse.equinox.common-3.16.0.jar:/home/novelty/.m2/repository/org/eclipse/platform/org.eclipse.core.jobs/3.12.100/org.eclipse.core.jobs-3.12.100.jar:/home/novelty/.m2/repository/org/eclipse/platform/org.eclipse.equinox.preferences/3.9.100/org.eclipse.equinox.preferences-3.9.100.jar:/home/novelty/.m2/repository/org/eclipse/platform/org.eclipse.core.contenttype/3.8.100/org.eclipse.core.contenttype-3.8.100.jar:/home/novelty/.m2/repository/org/eclipse/platform/org.eclipse.text/3.12.0/org.eclipse.text-3.12.0.jar:/home/novelty/.m2/repository/org/eclipse/platform/org.eclipse.core.commands/3.10.100/org.eclipse.core.commands-3.10.100.jar:/home/novelty/.m2/repository/org/sonarsource/sslr/sslr-core/1.24.0.633/sslr-core-1.24.0.633.jar:/home/novelty/.m2/repository/org/apache/commons/commons-lang3/3.12.0/commons-lang3-3.12.0.jar:/home/novelty/.m2/repository/org/sonarsource/analyzer-commons/sonar-regex-parsing/1.17.0.740/sonar-regex-parsing-1.17.0.740.jar:/home/novelty/.m2/repository/org/sonarsource/java/java-symbolic-execution/7.11.0.29148/java-symbolic-execution-7.11.0.29148.jar:/home/novelty/.m2/repository/org/sonarsource/java/java-checks/7.11.0.29148/java-checks-7.11.0.29148.jar:/home/novelty/.m2/repository/org/sonarsource/analyzer-commons/sonar-analyzer-recognizers/1.17.0.740/sonar-analyzer-recognizers-1.17.0.740.jar:/home/novelty/.m2/repository/commons-lang/commons-lang/2.6/commons-lang-2.6.jar:/home/novelty/.m2/repository/org/sonarsource/java/external-reports/7.11.0.29148/external-reports-7.11.0.29148.jar:/home/novelty/.m2/repository/org/sonarsource/java/java-jsp/7.11.0.29148/java-jsp-7.11.0.29148.jar:/home/novelty/.m2/repository/org/apache/tomcat/embed/tomcat-embed-jasper/9.0.33/tomcat-embed-jasper-9.0.33.jar:/home/novelty/.m2/repository/org/apache/tomcat/embed/tomcat-embed-core/9.0.33/tomcat-embed-core-9.0.33.jar:/home/novelty/.m2/repository/org/apache/tomcat/tomcat-annotations-api/9.0.33/tomcat-annotations-api-9.0.33.jar:/home/novelty/.m2/repository/org/apache/tomcat/embed/tomcat-embed-el/9.0.33/tomcat-embed-el-9.0.33.jar:/home/novelty/.m2/repository/org/sonarsource/analyzer-commons/sonar-xml-parsing/1.17.0.740/sonar-xml-parsing-1.17.0.740.jar:/home/novelty/.m2/repository/xerces/xercesImpl/2.12.0/xercesImpl-2.12.0.jar:/home/novelty/.m2/repository/xml-apis/xml-apis/1.4.01/xml-apis-1.4.01.jar:/home/novelty/.m2/repository/com/fasterxml/woodstox/woodstox-core/5.2.0/woodstox-core-5.2.0.jar:/home/novelty/.m2/repository/org/sonarsource/analyzer-commons/sonar-performance-measure/1.17.0.740/sonar-performance-measure-1.17.0.740.jar:/home/novelty/.m2/repository/org/sonarsource/analyzer-commons/sonar-analyzer-commons/1.24.0.965/sonar-analyzer-commons-1.24.0.965.jar:/home/novelty/.m2/repository/edu/uvm/personal-data-annotation/1.0-SNAPSHOT/personal-data-annotation-1.0-SNAPSHOT.jar:/home/novelty/.m2/repository/org/sonarsource/java/java-checks-testkit/7.11.0.29148/java-checks-testkit-7.11.0.29148.jar:/home/novelty/.m2/repository/com/google/code/gson/gson/2.8.9/gson-2.8.9.jar:/home/novelty/.m2/repository/com/google/code/findbugs/jsr305/3.0.2/jsr305-3.0.2.jar:/home/novelty/.m2/repository/org/junit/jupiter/junit-jupiter/5.7.0/junit-jupiter-5.7.0.jar:/home/novelty/.m2/repository/org/junit/jupiter/junit-jupiter-api/5.7.0/junit-jupiter-api-5.7.0.jar:/home/novelty/.m2/repository/org/opentest4j/opentest4j/1.2.0/opentest4j-1.2.0.jar:/home/novelty/.m2/repository/org/junit/platform/junit-platform-commons/1.7.0/junit-platform-commons-1.7.0.jar:/home/novelty/.m2/repository/org/junit/jupiter/junit-jupiter-params/5.7.0/junit-jupiter-params-5.7.0.jar:/home/novelty/.m2/repository/org/junit/jupiter/junit-jupiter-engine/5.7.0/junit-jupiter-engine-5.7.0.jar:/home/novelty/.m2/repository/org/junit/platform/junit-platform-engine/1.7.0/junit-platform-engine-1.7.0.jar:/home/novelty/.m2/repository/org/junit/jupiter/junit-jupiter-migrationsupport/5.7.0/junit-jupiter-migrationsupport-5.7.0.jar:/home/novelty/.m2/repository/junit/junit/4.13/junit-4.13.jar:/home/novelty/.m2/repository/org/hamcrest/hamcrest-core/1.3/hamcrest-core-1.3.jar:/home/novelty/.m2/repository/org/apiguardian/apiguardian-api/1.1.0/apiguardian-api-1.1.0.jar:/home/novelty/.m2/repository/org/assertj/assertj-core/3.19.0/assertj-core-3.19.0.jar:"/>
    <property name="java.vm.vendor" value="Oracle Corporation"/>
    <property name="sun.arch.data.model" value="64"/>
    <property name="java.vendor.url" value="https://openjdk.java.net/"/>
    <property name="user.timezone" value=""/>
    <property name="java.vm.specification.version" value="11"/>
    <property name="os.name" value="Linux"/>
    <property name="sun.java.launcher" value="SUN_STANDARD"/>
    <property name="user.country" value="US"/>
    <property name="sun.boot.library.path" value="/home/novelty/rojan/jdk-11.0.13/lib"/>
    <property name="sun.java.command" value="/home/novelty/Development/uvm-personal-data/java-custom-rules-example/target/surefire/surefirebooter5532820221584137499.jar /home/novelty/Development/uvm-personal-data/java-custom-rules-example/target/surefire 2022-05-18T23-39-53_595-jvmRun1 surefire16770119954931074312tmp surefire_010455779520694350612tmp"/>
    <property name="jdk.debug" value="release"/>
    <property name="surefire.test.class.path" value="/home/novelty/Development/uvm-personal-data/java-custom-rules-example/target/test-classes:/home/novelty/Development/uvm-personal-data/java-custom-rules-example/target/classes:/home/novelty/.m2/repository/org/sonarsource/sonarqube/sonar-plugin-api/8.9.0.43852/sonar-plugin-api-8.9.0.43852.jar:/home/novelty/.m2/repository/org/sonarsource/java/sonar-java-plugin/7.11.0.29148/sonar-java-plugin-7.11.0.29148.jar:/home/novelty/.m2/repository/org/sonarsource/java/java-surefire/7.11.0.29148/java-surefire-7.11.0.29148.jar:/home/novelty/.m2/repository/com/fasterxml/staxmate/staxmate/2.4.0/staxmate-2.4.0.jar:/home/novelty/.m2/repository/org/codehaus/woodstox/stax2-api/4.2.1/stax2-api-4.2.1.jar:/home/novelty/.m2/repository/org/sonarsource/java/java-frontend/7.11.0.29148/java-frontend-7.11.0.29148.jar:/home/novelty/.m2/repository/org/sonarsource/java/jdt/7.11.0.29148/jdt-7.11.0.29148-shaded.jar:/home/novelty/.m2/repository/org/eclipse/jdt/org.eclipse.jdt.core/3.28.0/org.eclipse.jdt.core-3.28.0.jar:/home/novelty/.m2/repository/org/eclipse/platform/org.eclipse.core.resources/3.16.100/org.eclipse.core.resources-3.16.100.jar:/home/novelty/.m2/repository/org/eclipse/platform/org.eclipse.core.runtime/3.24.100/org.eclipse.core.runtime-3.24.100.jar:/home/novelty/.m2/repository/org/eclipse/platform/org.eclipse.osgi/3.17.200/org.eclipse.osgi-3.17.200.jar:/home/novelty/.m2/repository/org/eclipse/platform/org.eclipse.equinox.common/3.16.0/org.eclipse.equinox.common-3.16.0.jar:/home/novelty/.m2/repository/org/eclipse/platform/org.eclipse.core.jobs/3.12.100/org.eclipse.core.jobs-3.12.100.jar:/home/novelty/.m2/repository/org/eclipse/platform/org.eclipse.equinox.preferences/3.9.100/org.eclipse.equinox.preferences-3.9.100.jar:/home/novelty/.m2/repository/org/eclipse/platform/org.eclipse.core.contenttype/3.8.100/org.eclipse.core.contenttype-3.8.100.jar:/home/novelty/.m2/repository/org/eclipse/platform/org.eclipse.text/3.12.0/org.eclipse.text-3.12.0.jar:/home/novelty/.m2/repository/org/eclipse/platform/org.eclipse.core.commands/3.10.100/org.eclipse.core.commands-3.10.100.jar:/home/novelty/.m2/repository/org/sonarsource/sslr/sslr-core/1.24.0.633/sslr-core-1.24.0.633.jar:/home/novelty/.m2/repository/org/apache/commons/commons-lang3/3.12.0/commons-lang3-3.12.0.jar:/home/novelty/.m2/repository/org/sonarsource/analyzer-commons/sonar-regex-parsing/1.17.0.740/sonar-regex-parsing-1.17.0.740.jar:/home/novelty/.m2/repository/org/sonarsource/java/java-symbolic-execution/7.11.0.29148/java-symbolic-execution-7.11.0.29148.jar:/home/novelty/.m2/repository/org/sonarsource/java/java-checks/7.11.0.29148/java-checks-7.11.0.29148.jar:/home/novelty/.m2/repository/org/sonarsource/analyzer-commons/sonar-analyzer-recognizers/1.17.0.740/sonar-analyzer-recognizers-1.17.0.740.jar:/home/novelty/.m2/repository/commons-lang/commons-lang/2.6/commons-lang-2.6.jar:/home/novelty/.m2/repository/org/sonarsource/java/external-reports/7.11.0.29148/external-reports-7.11.0.29148.jar:/home/novelty/.m2/repository/org/sonarsource/java/java-jsp/7.11.0.29148/java-jsp-7.11.0.29148.jar:/home/novelty/.m2/repository/org/apache/tomcat/embed/tomcat-embed-jasper/9.0.33/tomcat-embed-jasper-9.0.33.jar:/home/novelty/.m2/repository/org/apache/tomcat/embed/tomcat-embed-core/9.0.33/tomcat-embed-core-9.0.33.jar:/home/novelty/.m2/repository/org/apache/tomcat/tomcat-annotations-api/9.0.33/tomcat-annotations-api-9.0.33.jar:/home/novelty/.m2/repository/org/apache/tomcat/embed/tomcat-embed-el/9.0.33/tomcat-embed-el-9.0.33.jar:/home/novelty/.m2/repository/org/sonarsource/analyzer-commons/sonar-xml-parsing/1.17.0.740/sonar-xml-parsing-1.17.0.740.jar:/home/novelty/.m2/repository/xerces/xercesImpl/2.12.0/xercesImpl-2.12.0.jar:/home/novelty/.m2/repository/xml-apis/xml-apis/1.4.01/xml-apis-1.4.01.jar:/home/novelty/.m2/repository/com/fasterxml/woodstox/woodstox-core/5.2.0/woodstox-core-5.2.0.jar:/home/novelty/.m2/repository/org/sonarsource/analyzer-commons/sonar-performance-measure/1.17.0.740/sonar-performance-measure-1.17.0.740.jar:/home/novelty/.m2/repository/org/sonarsource/analyzer-commons/sonar-analyzer-commons/1.24.0.965/sonar-analyzer-commons-1.24.0.965.jar:/home/novelty/.m2/repository/edu/uvm/personal-data-annotation/1.0-SNAPSHOT/personal-data-annotation-1.0-SNAPSHOT.jar:/home/novelty/.m2/repository/org/sonarsource/java/java-checks-testkit/7.11.0.29148/java-checks-testkit-7.11.0.29148.jar:/home/novelty/.m2/repository/com/google/code/gson/gson/2.8.9/gson-2.8.9.jar:/home/novelty/.m2/repository/com/google/code/findbugs/jsr305/3.0.2/jsr305-3.0.2.jar:/home/novelty/.m2/repository/org/junit/jupiter/junit-jupiter/5.7.0/junit-jupiter-5.7.0.jar:/home/novelty/.m2/repository/org/junit/jupiter/junit-jupiter-api/5.7.0/junit-jupiter-api-5.7.0.jar:/home/novelty/.m2/repository/org/opentest4j/opentest4j/1.2.0/opentest4j-1.2.0.jar:/home/novelty/.m2/repository/org/junit/platform/junit-platform-commons/1.7.0/junit-platform-commons-1.7.0.jar:/home/novelty/.m2/repository/org/junit/jupiter/junit-jupiter-params/5.7.0/junit-jupiter-params-5.7.0.jar:/home/novelty/.m2/repository/org/junit/jupiter/junit-jupiter-engine/5.7.0/junit-jupiter-engine-5.7.0.jar:/home/novelty/.m2/repository/org/junit/platform/junit-platform-engine/1.7.0/junit-platform-engine-1.7.0.jar:/home/novelty/.m2/repository/org/junit/jupiter/junit-jupiter-migrationsupport/5.7.0/junit-jupiter-migrationsupport-5.7.0.jar:/home/novelty/.m2/repository/junit/junit/4.13/junit-4.13.jar:/home/novelty/.m2/repository/org/hamcrest/hamcrest-core/1.3/hamcrest-core-1.3.jar:/home/novelty/.m2/repository/org/apiguardian/apiguardian-api/1.1.0/apiguardian-api-1.1.0.jar:/home/novelty/.m2/repository/org/assertj/assertj-core/3.19.0/assertj-core-3.19.0.jar:"/>
    <property name="sun.cpu.endian" value="little"/>
    <property name="user.home" value="/home/novelty"/>
    <property name="user.language" value="en"/>
    <property name="java.specification.vendor" value="Oracle Corporation"/>
    <property name="java.version.date" value="2021-10-19"/>
    <property name="java.home" value="/home/novelty/rojan/jdk-11.0.13"/>
    <property name="file.separator" value="/"/>
    <property name="basedir" value="/home/novelty/Development/uvm-personal-data/java-custom-rules-example"/>
    <property name="java.vm.compressedOopsMode" value="32-bit"/>
    <property name="line.separator" value="&#10;"/>
    <property name="java.specification.name" value="Java Platform API Specification"/>
    <property name="java.vm.specification.vendor" value="Oracle Corporation"/>
    <property name="java.awt.graphicsenv" value="sun.awt.X11GraphicsEnvironment"/>
    <property name="surefire.real.class.path" value="/home/novelty/Development/uvm-personal-data/java-custom-rules-example/target/surefire/surefirebooter5532820221584137499.jar"/>
    <property name="sun.management.compiler" value="HotSpot 64-Bit Tiered Compilers"/>
    <property name="java.runtime.version" value="11.0.13+10-LTS-370"/>
    <property name="user.name" value="novelty"/>
    <property name="path.separator" value=":"/>
    <property name="os.version" value="5.13.0-41-generic"/>
    <property name="java.runtime.name" value="Java(TM) SE Runtime Environment"/>
    <property name="file.encoding" value="UTF-8"/>
    <property name="java.vm.name" value="Java HotSpot(TM) 64-Bit Server VM"/>
    <property name="java.vendor.version" value="18.9"/>
    <property name="localRepository" value="/home/novelty/.m2/repository"/>
    <property name="java.vendor.url.bug" value="https://bugreport.java.com/bugreport/"/>
    <property name="java.io.tmpdir" value="/tmp"/>
    <property name="java.version" value="11.0.13"/>
    <property name="user.dir" value="/home/novelty/Development/uvm-personal-data/java-custom-rules-example"/>
    <property name="os.arch" value="amd64"/>
    <property name="java.vm.specification.name" value="Java Virtual Machine Specification"/>
    <property name="java.awt.printerjob" value="sun.print.PSPrinterJob"/>
    <property name="sun.os.patch.level" value="unknown"/>
    <property name="java.library.path" value="/usr/java/packages/lib:/usr/lib64:/lib64:/lib:/usr/lib"/>
    <property name="java.vendor" value="Oracle Corporation"/>
    <property name="java.vm.info" value="mixed mode"/>
    <property name="java.vm.version" value="11.0.13+10-LTS-370"/>
    <property name="sun.io.unicode.encoding" value="UnicodeLittle"/>
    <property name="java.class.version" value="55.0"/>
  </properties>
  <testcase name="without_package_name" classname="org.sonar.samples.java.checks.SecurityAnnotationMandatoryRuleTest" time="0.032">
    <system-out><![CDATA[INFO  1 source file to be analyzed
INFO  Cannot determine whether the context allows skipping unchanged files: canSkipUnchangedFiles not part of sonar-plugin-api. Not skipping. org.sonar.java.checks.verifier.internal.InternalSensorContext.canSkipUnchangedFiles()
DEBUG implements Interface: MySecurityInterface
DEBUG implements Interface: SecondInterface
DEBUG Method Name MySecurityAnnotation
INFO  1/1 source file has been analyzed
INFO  Did not optimize analysis for any files, performed a full analysis for all 1 files.
WARN  Unresolved imports/types have been detected during analysis. Enable DEBUG mode to see them.
DEBUG Unresolved imports/types:
- MySecurityAnnotation cannot be resolved to a type
- MySecurityInterface cannot be resolved to a type
- SecondInterface cannot be resolved to a type
]]></system-out>
  </testcase>
  <testcase name="detected" classname="org.sonar.samples.java.checks.SecurityAnnotationMandatoryRuleTest" time="0.025">
    <system-out><![CDATA[INFO  1 source file to be analyzed
INFO  Cannot determine whether the context allows skipping unchanged files: canSkipUnchangedFiles not part of sonar-plugin-api. Not skipping. org.sonar.java.checks.verifier.internal.InternalSensorContext.canSkipUnchangedFiles()
DEBUG PackageName: company.demo
DEBUG implements Interface: MySecurityInterface
DEBUG implements Interface: SecondInterface
DEBUG Method Name MySecurityAnnotation
DEBUG Method Name VariousAnnotation
DEBUG implements Interface: FirstInterface
DEBUG implements Interface: SecondInterface
INFO  1/1 source file has been analyzed
INFO  Did not optimize analysis for any files, performed a full analysis for all 1 files.
WARN  Unresolved imports/types have been detected during analysis. Enable DEBUG mode to see them.
DEBUG Unresolved imports/types:
- FirstInterface cannot be resolved to a type
- MySecurityAnnotation cannot be resolved to a type
- MySecurityInterface cannot be resolved to a type
- SecondInterface cannot be resolved to a type
- VariousAnnotation cannot be resolved to a type
- org.foo cannot be resolved to a type
]]></system-out>
  </testcase>
</testsuite>